     1                                  %include "asm_io.inc"
     2                              <1> 	extern  read_int, print_int, print_string
     3                              <1> 	extern	read_char, print_char, print_nl
     4                              <1> 	extern  sub_dump_regs, sub_dump_mem, sub_dump_math, sub_dump_stack
     5                              <1> 
     6                              <1> %macro 	dump_regs 1
     7                              <1> 	push	  dword %1
     8                              <1> 	call	  sub_dump_regs
     9                              <1> %endmacro
    10                              <1> 
    11                              <1> 
    12                              <1> ;
    13                              <1> ; usage: dump_mem label, start-address, # paragraphs
    14                              <1> %macro  dump_mem 3
    15                              <1> 	push	 dword %1
    16                              <1> 	push	 dword %2
    17                              <1> 	push	 dword %3
    18                              <1> 	call	 sub_dump_mem
    19                              <1> %endmacro
    20                              <1> 
    21                              <1> %macro	dump_math 1
    22                              <1> 	push	 dword %1
    23                              <1> 	call	 sub_dump_math
    24                              <1> %endmacro
    25                              <1> 
    26                              <1> %macro  dump_stack 3
    27                              <1> 	push	 dword %3
    28                              <1>         push     dword %2
    29                              <1> 	push	 dword %1
    30                              <1>         call     sub_dump_stack
    31                              <1> %endmacro
    32                                  
    33                                  	segment	.data
    34                                  	;
    35                                  	; initialized data is put in the data segment here
    36                                  	;
    37 00000000 456E7465722061206E-     num_a	db 'Enter a number (A) : ', 0x00
    38 00000009 756D62657220284129-
    39 00000012 203A2000           
    40 00000016 456E7465722061206E-     num_b	db 'Enter a number (B) : ', 0x00
    41 0000001F 756D62657220284229-
    42 00000028 203A2000           
    43 0000002C 41202B2042203D2000      result_plus	db 'A + B = ', 0x00
    44 00000035 41202D2042203D2000      result_minus	db 'A - B = ', 0x00
    45 0000003E 41202A2042203D2000      result_mult	db 'A * B = ', 0x00
    46 00000047 41202F2042203D2000      result_divid	db 'A / B = ', 0x00
    47 00000050 2C2000                  comma	db ', ', 0x00
    48                                  	segment	.text
    49                                  	global 	main
    50                                  main
    51 00000000 C8000000                	enter	0,0		; setup stack frame
    52 00000004 60                      	pusha
    53 00000005 B8[00000000]            	mov eax, num_a
    54 0000000A E8(00000000)            	call	print_string
    55                                  
    56 0000000F E8(00000000)            	call	read_int
    57 00000014 89C3                    	mov ebx, eax       
    58                                  
    59 00000016 B8[16000000]            	mov eax, num_b
    60 0000001B E8(00000000)            	call	print_string
    61                                  
    62 00000020 E8(00000000)            	call	read_int
    63 00000025 89C1                    	mov ecx, eax
    64                                  
    65 00000027 B8[2C000000]            	mov eax, result_plus
    66 0000002C E8(00000000)            	call	print_string
    67                                  
    68 00000031 89D8                    	mov eax, ebx
    69 00000033 11C8                    	adc eax, ecx
    70 00000035 E8(00000000)            	call	print_int
    71 0000003A E8(00000000)            	call	print_nl
    72                                  
    73 0000003F B8[35000000]            	mov eax, result_minus
    74 00000044 E8(00000000)            	call	print_string
    75                                  
    76 00000049 89D8                    	mov eax, ebx
    77 0000004B 19C8                    	sbb eax, ecx
    78 0000004D E8(00000000)            	call	print_int
    79 00000052 E8(00000000)            	call	print_nl
    80                                  
    81 00000057 B8[3E000000]            	mov eax, result_mult
    82 0000005C E8(00000000)            	call	print_string
    83                                  
    84 00000061 89D8                    	mov eax, ebx
    85 00000063 F7E1                    	mul	ecx
    86 00000065 E8(00000000)            	call	print_int
    87 0000006A E8(00000000)            	call	print_nl
    88                                  
    89 0000006F B8[47000000]            	mov eax, result_divid
    90 00000074 E8(00000000)            	call	print_string
    91                                  	
    92 00000079 89D8                    	mov eax, ebx
    93 0000007B 66F7F1                  	div	cx
    94 0000007E E8(00000000)            	call	print_int
    95                                  
    96 00000083 B8[50000000]            	mov eax, comma
    97 00000088 E8(00000000)            	call	print_string
    98                                  
    99 0000008D 89D0                    	mov eax, edx
   100 0000008F E8(00000000)            	call	print_int
   101 00000094 E8(00000000)            	call	print_nl
   102                                  
   103                                  	;
   104                                  	; code is put in the text segment. Do not modify the code before
   105                                  	; or after this comment.
   106                                  	;
   107                                  
   108 00000099 61                      	popa
   109 0000009A 66B80000                	mov	ax, 0	; return value
   110 0000009E C9                      	leave			; leave stack frame
   111 0000009F C3                      	ret
